0          INFO  ECSBLog  - {elite_count=2, mutation_rate=0.5, selection_strategy=RouletteWheelSelection, dataset_path=/home/cloudera/decsb/in/03_pima.arff, fitness_metric=BaccMetric, crossover_points=5, selection_param=0.2, num_folds=4, population_count=40, beta=1.0, number_of_generations=100, use_reweight=false, cost_classifier=weka.classifiers.meta.CostSensitiveClassifier, base_classifier=weka.classifiers.meta.AdaBoostM1}
8          INFO  ECSBLog  - 	Fitness		SD			TP			FP			Precision
17878      INFO  ECSBLog  - 3,	0.745,		0.0994,		0.694,		0.204,		0.6458
6000       INFO  ECSBLog  - 0,	0.7358,		0.094,		0.7836,		0.312,		0.5738
10744      INFO  ECSBLog  - 1,	0.7453,		0.0894,		0.6866,		0.196,		0.6525
15391      INFO  ECSBLog  - 2,	0.7453,		0.0878,		0.6866,		0.196,		0.6525
20441      INFO  ECSBLog  - 3,	0.7453,		0.0811,		0.6866,		0.196,		0.6525
24451      INFO  ECSBLog  - 4,	0.7453,		0.0692,		0.6866,		0.196,		0.6525
28589      INFO  ECSBLog  - 5,	0.7453,		0.0731,		0.6866,		0.196,		0.6525
32198      INFO  ECSBLog  - 6,	0.7453,		0.0681,		0.6866,		0.196,		0.6525
36606      INFO  ECSBLog  - 7,	0.7453,		0.0794,		0.6866,		0.196,		0.6525
41409      INFO  ECSBLog  - 8,	0.7479,		0.0565,		0.7239,		0.228,		0.6299
47070      INFO  ECSBLog  - 9,	0.7479,		0.0543,		0.7239,		0.228,		0.6299
52559      INFO  ECSBLog  - 10,	0.7479,		0.0622,		0.7239,		0.228,		0.6299
58107      INFO  ECSBLog  - 11,	0.7479,		0.0466,		0.7239,		0.228,		0.6299
63720      INFO  ECSBLog  - 12,	0.7479,		0.0277,		0.7239,		0.228,		0.6299
69423      INFO  ECSBLog  - 13,	0.7479,		0.0327,		0.7239,		0.228,		0.6299
74973      INFO  ECSBLog  - 14,	0.7526,		0.024,		0.7612,		0.256,		0.6145
81162      INFO  ECSBLog  - 15,	0.7526,		0.025,		0.7612,		0.256,		0.6145
87041      INFO  ECSBLog  - 16,	0.7526,		0.0256,		0.7612,		0.256,		0.6145
92694      INFO  ECSBLog  - 17,	0.7526,		0.0266,		0.7612,		0.256,		0.6145
99175      INFO  ECSBLog  - 18,	0.7526,		0.0521,		0.7612,		0.256,		0.6145
105386     INFO  ECSBLog  - 19,	0.7526,		0.0262,		0.7612,		0.256,		0.6145
110649     INFO  ECSBLog  - 20,	0.7526,		0.0303,		0.7612,		0.256,		0.6145
117145     INFO  ECSBLog  - 21,	0.7526,		0.0462,		0.7612,		0.256,		0.6145
123236     INFO  ECSBLog  - 22,	0.7526,		0.0184,		0.7612,		0.256,		0.6145
128913     INFO  ECSBLog  - 23,	0.7526,		0.0239,		0.7612,		0.256,		0.6145
134626     INFO  ECSBLog  - 24,	0.7526,		0.0198,		0.7612,		0.256,		0.6145
139817     INFO  ECSBLog  - 25,	0.7526,		0.021,		0.7612,		0.256,		0.6145
144768     INFO  ECSBLog  - 26,	0.7526,		0.0185,		0.7612,		0.256,		0.6145
150601     INFO  ECSBLog  - 27,	0.7526,		0.0213,		0.7612,		0.256,		0.6145
156258     INFO  ECSBLog  - 28,	0.7526,		0.0535,		0.7612,		0.256,		0.6145
162776     INFO  ECSBLog  - 29,	0.7526,		0.0223,		0.7612,		0.256,		0.6145
168047     INFO  ECSBLog  - 30,	0.7526,		0.0568,		0.7612,		0.256,		0.6145
173291     INFO  ECSBLog  - 31,	0.7526,		0.0456,		0.7612,		0.256,		0.6145
178268     INFO  ECSBLog  - 32,	0.7526,		0.0287,		0.7612,		0.256,		0.6145
183837     INFO  ECSBLog  - 33,	0.7526,		0.026,		0.7612,		0.256,		0.6145
190228     INFO  ECSBLog  - 34,	0.7526,		0.0215,		0.7612,		0.256,		0.6145
196872     INFO  ECSBLog  - 35,	0.7526,		0.0216,		0.7612,		0.256,		0.6145
201575     INFO  ECSBLog  - 36,	0.7526,		0.0634,		0.7612,		0.256,		0.6145
206771     INFO  ECSBLog  - 37,	0.7526,		0.0238,		0.7612,		0.256,		0.6145
213046     INFO  ECSBLog  - 38,	0.7526,		0.0254,		0.7612,		0.256,		0.6145
219232     INFO  ECSBLog  - 39,	0.7526,		0.0248,		0.7612,		0.256,		0.6145
224315     INFO  ECSBLog  - 40,	0.7526,		0.0196,		0.7612,		0.256,		0.6145
229954     INFO  ECSBLog  - 41,	0.7526,		0.0217,		0.7612,		0.256,		0.6145
234890     INFO  ECSBLog  - 42,	0.7526,		0.0231,		0.7612,		0.256,		0.6145
240778     INFO  ECSBLog  - 43,	0.7526,		0.0215,		0.7612,		0.256,		0.6145
246764     INFO  ECSBLog  - 44,	0.7526,		0.0222,		0.7612,		0.256,		0.6145
253107     INFO  ECSBLog  - 45,	0.7526,		0.0215,		0.7612,		0.256,		0.6145
259751     INFO  ECSBLog  - 46,	0.7526,		0.0199,		0.7612,		0.256,		0.6145
266088     INFO  ECSBLog  - 47,	0.7526,		0.0197,		0.7612,		0.256,		0.6145
271438     INFO  ECSBLog  - 48,	0.7526,		0.0212,		0.7612,		0.256,		0.6145
276925     INFO  ECSBLog  - 49,	0.7526,		0.0232,		0.7612,		0.256,		0.6145
281887     INFO  ECSBLog  - 50,	0.7526,		0.0247,		0.7612,		0.256,		0.6145
287538     INFO  ECSBLog  - 51,	0.7526,		0.0256,		0.7612,		0.256,		0.6145
291872     INFO  ECSBLog  - 52,	0.7526,		0.017,		0.7612,		0.256,		0.6145
297671     INFO  ECSBLog  - 53,	0.7526,		0.023,		0.7612,		0.256,		0.6145
304252     INFO  ECSBLog  - 54,	0.7526,		0.0191,		0.7612,		0.256,		0.6145
313348     INFO  ECSBLog  - 55,	0.7526,		0.0224,		0.7612,		0.256,		0.6145
320962     INFO  ECSBLog  - 56,	0.7526,		0.0174,		0.7612,		0.256,		0.6145
326255     INFO  ECSBLog  - 57,	0.7526,		0.0159,		0.7612,		0.256,		0.6145
332191     INFO  ECSBLog  - 58,	0.7526,		0.0193,		0.7612,		0.256,		0.6145
338636     INFO  ECSBLog  - 59,	0.7526,		0.02,		0.7612,		0.256,		0.6145
345077     INFO  ECSBLog  - 60,	0.7526,		0.0188,		0.7612,		0.256,		0.6145
349971     INFO  ECSBLog  - 61,	0.7526,		0.0192,		0.7612,		0.256,		0.6145
356554     INFO  ECSBLog  - 62,	0.7526,		0.0166,		0.7612,		0.256,		0.6145
362166     INFO  ECSBLog  - 63,	0.7526,		0.0187,		0.7612,		0.256,		0.6145
368215     INFO  ECSBLog  - 64,	0.7526,		0.0248,		0.7612,		0.256,		0.6145
374143     INFO  ECSBLog  - 65,	0.7526,		0.0224,		0.7612,		0.256,		0.6145
380176     INFO  ECSBLog  - 66,	0.7526,		0.0217,		0.7612,		0.256,		0.6145
385272     INFO  ECSBLog  - 67,	0.7526,		0.0258,		0.7612,		0.256,		0.6145
391151     INFO  ECSBLog  - 68,	0.7526,		0.0188,		0.7612,		0.256,		0.6145
396599     INFO  ECSBLog  - 69,	0.7526,		0.0216,		0.7612,		0.256,		0.6145
402806     INFO  ECSBLog  - 70,	0.7526,		0.0191,		0.7612,		0.256,		0.6145
407791     INFO  ECSBLog  - 71,	0.7526,		0.0204,		0.7612,		0.256,		0.6145
412801     INFO  ECSBLog  - 72,	0.7526,		0.0183,		0.7612,		0.256,		0.6145
419130     INFO  ECSBLog  - 73,	0.7526,		0.0205,		0.7612,		0.256,		0.6145
424454     INFO  ECSBLog  - 74,	0.7526,		0.019,		0.7612,		0.256,		0.6145
430018     INFO  ECSBLog  - 75,	0.7526,		0.0191,		0.7612,		0.256,		0.6145
436305     INFO  ECSBLog  - 76,	0.7526,		0.0171,		0.7612,		0.256,		0.6145
442196     INFO  ECSBLog  - 77,	0.7526,		0.0214,		0.7612,		0.256,		0.6145
448651     INFO  ECSBLog  - 78,	0.7526,		0.0139,		0.7612,		0.256,		0.6145
453724     INFO  ECSBLog  - 79,	0.7526,		0.018,		0.7612,		0.256,		0.6145
459273     INFO  ECSBLog  - 80,	0.7526,		0.02,		0.7612,		0.256,		0.6145
464851     INFO  ECSBLog  - 81,	0.7526,		0.0186,		0.7612,		0.256,		0.6145
470149     INFO  ECSBLog  - 82,	0.7526,		0.0202,		0.7612,		0.256,		0.6145
475666     INFO  ECSBLog  - 83,	0.7526,		0.0161,		0.7612,		0.256,		0.6145
481188     INFO  ECSBLog  - 84,	0.7526,		0.0233,		0.7612,		0.256,		0.6145
485791     INFO  ECSBLog  - 85,	0.7526,		0.0206,		0.7612,		0.256,		0.6145
491094     INFO  ECSBLog  - 86,	0.7526,		0.0199,		0.7612,		0.256,		0.6145
496830     INFO  ECSBLog  - 87,	0.7526,		0.0264,		0.7612,		0.256,		0.6145
503048     INFO  ECSBLog  - 88,	0.7526,		0.0191,		0.7612,		0.256,		0.6145
508776     INFO  ECSBLog  - 89,	0.7526,		0.0242,		0.7612,		0.256,		0.6145
514406     INFO  ECSBLog  - 90,	0.7526,		0.0165,		0.7612,		0.256,		0.6145
519633     INFO  ECSBLog  - 91,	0.7526,		0.0229,		0.7612,		0.256,		0.6145
525367     INFO  ECSBLog  - 92,	0.7526,		0.0204,		0.7612,		0.256,		0.6145
531113     INFO  ECSBLog  - 93,	0.7526,		0.0179,		0.7612,		0.256,		0.6145
536624     INFO  ECSBLog  - 94,	0.7526,		0.0168,		0.7612,		0.256,		0.6145
542517     INFO  ECSBLog  - 95,	0.7526,		0.0215,		0.7612,		0.256,		0.6145
548055     INFO  ECSBLog  - 96,	0.7526,		0.0181,		0.7612,		0.256,		0.6145
552862     INFO  ECSBLog  - 97,	0.7526,		0.0234,		0.7612,		0.256,		0.6145
558473     INFO  ECSBLog  - 98,	0.7526,		0.0191,		0.7612,		0.256,		0.6145
563680     INFO  ECSBLog  - 99,	0.7526,		0.0217,		0.7612,		0.256,		0.6145
563684     INFO  ECSBLog  - best individual: #c1: 56.11	#c2:123.84	#p1:111.48	#p2:67.69
563844     INFO  ECSBLog  - evaluation: 
Correctly Classified Instances         576               75      %
Incorrectly Classified Instances       192               25      %
Kappa statistic                          0.4787
Total Cost                           15108.4629
Average Cost                            19.6725
Mean absolute error                      0.3294
Root mean squared error                  0.4254
Relative absolute error                 72.4615 %
Root relative squared error             89.2425 %
Total Number of Instances              768     

=== Detailed Accuracy By Class ===

               TP Rate   FP Rate   Precision   Recall  F-Measure   ROC Area  Class
                 0.744     0.239      0.853     0.744     0.795      0.818    0
                 0.761     0.256      0.614     0.761     0.68       0.818    1
Weighted Avg.    0.75      0.245      0.77      0.75      0.755      0.818

563850     INFO  ECSBLog  - {elite_count=2, mutation_rate=0.5, selection_strategy=RouletteWheelSelection, dataset_path=/home/cloudera/decsb/in/03_pima.arff, fitness_metric=FMeasureMetric, crossover_points=5, selection_param=0.2, num_folds=4, population_count=40, beta=1.0, number_of_generations=100, use_reweight=false, cost_classifier=weka.classifiers.meta.CostSensitiveClassifier, base_classifier=weka.classifiers.meta.AdaBoostM1}
563855     INFO  ECSBLog  - 	Fitness		SD			TP			FP			Precision
566391     INFO  ECSBLog  - 0,	0.6678,		0.2516,		0.7649,		0.282,		0.5925
569394     INFO  ECSBLog  - 1,	0.6678,		0.2102,		0.7649,		0.282,		0.5925
571837     INFO  ECSBLog  - 2,	0.6678,		0.1755,		0.7649,		0.282,		0.5925
574796     INFO  ECSBLog  - 3,	0.6678,		0.1089,		0.7649,		0.282,		0.5925
577539     INFO  ECSBLog  - 4,	0.6703,		0.1621,		0.694,		0.202,		0.6481
580257     INFO  ECSBLog  - 5,	0.6703,		0.0629,		0.694,		0.202,		0.6481
582801     INFO  ECSBLog  - 6,	0.6703,		0.0647,		0.694,		0.202,		0.6481
586055     INFO  ECSBLog  - 7,	0.6703,		0.0616,		0.694,		0.202,		0.6481
589766     INFO  ECSBLog  - 8,	0.6703,		0.0593,		0.694,		0.202,		0.6481
593542     INFO  ECSBLog  - 9,	0.6703,		0.0654,		0.694,		0.202,		0.6481
597646     INFO  ECSBLog  - 10,	0.6703,		0.0572,		0.694,		0.202,		0.6481
602007     INFO  ECSBLog  - 11,	0.6703,		0.0527,		0.694,		0.202,		0.6481
606873     INFO  ECSBLog  - 12,	0.6703,		0.0451,		0.694,		0.202,		0.6481
613382     INFO  ECSBLog  - 13,	0.6703,		0.0513,		0.694,		0.202,		0.6481
619175     INFO  ECSBLog  - 14,	0.6703,		0.0512,		0.694,		0.202,		0.6481
624408     INFO  ECSBLog  - 15,	0.6703,		0.0434,		0.694,		0.202,		0.6481
629861     INFO  ECSBLog  - 16,	0.6726,		0.0584,		0.7052,		0.21,		0.6429
634716     INFO  ECSBLog  - 17,	0.6726,		0.0342,		0.7052,		0.21,		0.6429
640139     INFO  ECSBLog  - 18,	0.6726,		0.0383,		0.7052,		0.21,		0.6429
644633     INFO  ECSBLog  - 19,	0.6726,		0.1067,		0.7052,		0.21,		0.6429
649509     INFO  ECSBLog  - 20,	0.6727,		0.0743,		0.8321,		0.344,		0.5646
655361     INFO  ECSBLog  - 21,	0.6727,		0.0415,		0.8321,		0.344,		0.5646
660141     INFO  ECSBLog  - 22,	0.6727,		0.0331,		0.8321,		0.344,		0.5646
665741     INFO  ECSBLog  - 23,	0.6727,		0.0477,		0.8321,		0.344,		0.5646
670301     INFO  ECSBLog  - 24,	0.6727,		0.0748,		0.8321,		0.344,		0.5646
676124     INFO  ECSBLog  - 25,	0.6727,		0.0378,		0.8321,		0.344,		0.5646
681146     INFO  ECSBLog  - 26,	0.6741,		0.0426,		0.7948,		0.302,		0.5852
686078     INFO  ECSBLog  - 27,	0.6741,		0.1039,		0.7948,		0.302,		0.5852
690573     INFO  ECSBLog  - 28,	0.6741,		0.0424,		0.7948,		0.302,		0.5852
695396     INFO  ECSBLog  - 29,	0.6741,		0.1073,		0.7948,		0.302,		0.5852
700040     INFO  ECSBLog  - 30,	0.6741,		0.0389,		0.7948,		0.302,		0.5852
705062     INFO  ECSBLog  - 31,	0.6741,		0.0363,		0.7948,		0.302,		0.5852
710325     INFO  ECSBLog  - 32,	0.6741,		0.037,		0.7948,		0.302,		0.5852
715071     INFO  ECSBLog  - 33,	0.6741,		0.0321,		0.7948,		0.302,		0.5852
719521     INFO  ECSBLog  - 34,	0.6741,		0.0459,		0.7948,		0.302,		0.5852
724703     INFO  ECSBLog  - 35,	0.6741,		0.0445,		0.7948,		0.302,		0.5852
729680     INFO  ECSBLog  - 36,	0.6741,		0.0397,		0.7948,		0.302,		0.5852
734894     INFO  ECSBLog  - 37,	0.6741,		0.1089,		0.7948,		0.302,		0.5852
739455     INFO  ECSBLog  - 38,	0.6741,		0.0376,		0.7948,		0.302,		0.5852
743841     INFO  ECSBLog  - 39,	0.6741,		0.0454,		0.7948,		0.302,		0.5852
748568     INFO  ECSBLog  - 40,	0.6741,		0.0401,		0.7948,		0.302,		0.5852
753105     INFO  ECSBLog  - 41,	0.6741,		0.0381,		0.7948,		0.302,		0.5852
757607     INFO  ECSBLog  - 42,	0.6741,		0.0415,		0.7948,		0.302,		0.5852
762100     INFO  ECSBLog  - 43,	0.6741,		0.1095,		0.7948,		0.302,		0.5852
766700     INFO  ECSBLog  - 44,	0.6756,		0.0281,		0.8433,		0.35,		0.5636
770752     INFO  ECSBLog  - 45,	0.6756,		0.0419,		0.8433,		0.35,		0.5636
776157     INFO  ECSBLog  - 46,	0.6756,		0.0382,		0.8433,		0.35,		0.5636
781016     INFO  ECSBLog  - 47,	0.6756,		0.0305,		0.8433,		0.35,		0.5636
785843     INFO  ECSBLog  - 48,	0.6756,		0.0446,		0.8433,		0.35,		0.5636
790706     INFO  ECSBLog  - 49,	0.6756,		0.0729,		0.8433,		0.35,		0.5636
795197     INFO  ECSBLog  - 50,	0.6756,		0.0453,		0.8433,		0.35,		0.5636
799335     INFO  ECSBLog  - 51,	0.6756,		0.0376,		0.8433,		0.35,		0.5636
803581     INFO  ECSBLog  - 52,	0.6756,		0.0339,		0.8433,		0.35,		0.5636
808090     INFO  ECSBLog  - 53,	0.6756,		0.0251,		0.8433,		0.35,		0.5636
812196     INFO  ECSBLog  - 54,	0.6756,		0.0241,		0.8433,		0.35,		0.5636
815733     INFO  ECSBLog  - 55,	0.6756,		0.036,		0.8433,		0.35,		0.5636
819666     INFO  ECSBLog  - 56,	0.6766,		0.0239,		0.8433,		0.348,		0.565
822978     INFO  ECSBLog  - 57,	0.6766,		0.0202,		0.8433,		0.348,		0.565
826337     INFO  ECSBLog  - 58,	0.6766,		0.0195,		0.8433,		0.348,		0.565
830362     INFO  ECSBLog  - 59,	0.6766,		0.0172,		0.8433,		0.348,		0.565
833857     INFO  ECSBLog  - 60,	0.6766,		0.0188,		0.8433,		0.348,		0.565
837154     INFO  ECSBLog  - 61,	0.6766,		0.0205,		0.8433,		0.348,		0.565
841182     INFO  ECSBLog  - 62,	0.6766,		0.0195,		0.8433,		0.348,		0.565
844886     INFO  ECSBLog  - 63,	0.6766,		0.0187,		0.8433,		0.348,		0.565
848623     INFO  ECSBLog  - 64,	0.6766,		0.0189,		0.8433,		0.348,		0.565
852307     INFO  ECSBLog  - 65,	0.6766,		0.023,		0.8433,		0.348,		0.565
856548     INFO  ECSBLog  - 66,	0.6766,		0.0164,		0.8433,		0.348,		0.565
860007     INFO  ECSBLog  - 67,	0.6766,		0.0207,		0.8433,		0.348,		0.565
863725     INFO  ECSBLog  - 68,	0.6766,		0.0166,		0.8433,		0.348,		0.565
867286     INFO  ECSBLog  - 69,	0.6766,		0.0201,		0.8433,		0.348,		0.565
871168     INFO  ECSBLog  - 70,	0.6766,		0.0182,		0.8433,		0.348,		0.565
875095     INFO  ECSBLog  - 71,	0.6766,		0.0177,		0.8433,		0.348,		0.565
878534     INFO  ECSBLog  - 72,	0.6766,		0.0202,		0.8433,		0.348,		0.565
882411     INFO  ECSBLog  - 73,	0.6766,		0.02,		0.8433,		0.348,		0.565
885748     INFO  ECSBLog  - 74,	0.6766,		0.0214,		0.8433,		0.348,		0.565
889352     INFO  ECSBLog  - 75,	0.6766,		0.0191,		0.8433,		0.348,		0.565
892998     INFO  ECSBLog  - 76,	0.6766,		0.0193,		0.8433,		0.348,		0.565
896430     INFO  ECSBLog  - 77,	0.6766,		0.0207,		0.8433,		0.348,		0.565
899586     INFO  ECSBLog  - 78,	0.6766,		0.0198,		0.8433,		0.348,		0.565
903462     INFO  ECSBLog  - 79,	0.6766,		0.0202,		0.8433,		0.348,		0.565
906626     INFO  ECSBLog  - 80,	0.6766,		0.0205,		0.8433,		0.348,		0.565
910476     INFO  ECSBLog  - 81,	0.6766,		0.0194,		0.8433,		0.348,		0.565
914413     INFO  ECSBLog  - 82,	0.6766,		0.0189,		0.8433,		0.348,		0.565
917792     INFO  ECSBLog  - 83,	0.6766,		0.0193,		0.8433,		0.348,		0.565
922009     INFO  ECSBLog  - 84,	0.6766,		0.0169,		0.8433,		0.348,		0.565
925379     INFO  ECSBLog  - 85,	0.6766,		0.0178,		0.8433,		0.348,		0.565
929150     INFO  ECSBLog  - 86,	0.6766,		0.0164,		0.8433,		0.348,		0.565
933173     INFO  ECSBLog  - 87,	0.678,		0.0183,		0.7463,		0.244,		0.6211
936213     INFO  ECSBLog  - 88,	0.678,		0.0197,		0.7463,		0.244,		0.6211
939613     INFO  ECSBLog  - 89,	0.678,		0.0212,		0.7463,		0.244,		0.6211
943592     INFO  ECSBLog  - 90,	0.678,		0.0205,		0.7463,		0.244,		0.6211
946831     INFO  ECSBLog  - 91,	0.678,		0.0212,		0.7463,		0.244,		0.6211
950126     INFO  ECSBLog  - 92,	0.678,		0.0223,		0.7463,		0.244,		0.6211
953381     INFO  ECSBLog  - 93,	0.678,		0.0203,		0.7463,		0.244,		0.6211
956998     INFO  ECSBLog  - 94,	0.678,		0.02,		0.7463,		0.244,		0.6211
960520     INFO  ECSBLog  - 95,	0.678,		0.0183,		0.7463,		0.244,		0.6211
964302     INFO  ECSBLog  - 96,	0.678,		0.0188,		0.7463,		0.244,		0.6211
968394     INFO  ECSBLog  - 97,	0.678,		0.018,		0.7463,		0.244,		0.6211
972171     INFO  ECSBLog  - 98,	0.6803,		0.0189,		0.806,		0.302,		0.5886
976024     INFO  ECSBLog  - 99,	0.6803,		0.0136,		0.806,		0.302,		0.5886
976025     INFO  ECSBLog  - best individual: #c1: 43.28	#c2:102.63	#p1:99.88	#p2:42.02
976132     INFO  ECSBLog  - evaluation: 
Correctly Classified Instances         565               73.5677 %
Incorrectly Classified Instances       203               26.4323 %
Kappa statistic                          0.4642
Total Cost                           11871.6083
Average Cost                            15.4578
Mean absolute error                      0.3351
Root mean squared error                  0.4312
Relative absolute error                 73.7286 %
Root relative squared error             90.4746 %
Total Number of Instances              768     

=== Detailed Accuracy By Class ===

               TP Rate   FP Rate   Precision   Recall  F-Measure   ROC Area  Class
                 0.698     0.194      0.87      0.698     0.775      0.817    0
                 0.806     0.302      0.589     0.806     0.68       0.817    1
Weighted Avg.    0.736     0.232      0.772     0.736     0.742      0.817

976134     INFO  ECSBLog  - {elite_count=2, mutation_rate=0.5, selection_strategy=RouletteWheelSelection, dataset_path=/home/cloudera/decsb/in/03_pima.arff, fitness_metric=GMMetric, crossover_points=5, selection_param=0.2, num_folds=4, population_count=40, beta=1.0, number_of_generations=100, use_reweight=false, cost_classifier=weka.classifiers.meta.CostSensitiveClassifier, base_classifier=weka.classifiers.meta.AdaBoostM1}
976135     INFO  ECSBLog  - 	Fitness		SD			TP			FP			Precision
980151     INFO  ECSBLog  - 0,	0.7423,		0.3266,		0.694,		0.206,		0.6436
985321     INFO  ECSBLog  - 1,	0.7497,		0.0801,		0.7575,		0.258,		0.6114
990504     INFO  ECSBLog  - 2,	0.7499,		0.0445,		0.7537,		0.254,		0.614
998660     INFO  ECSBLog  - 3,	0.7499,		0.0401,		0.7537,		0.254,		0.614
1007083    INFO  ECSBLog  - 4,	0.7499,		0.0186,		0.7537,		0.254,		0.614
1012086    INFO  ECSBLog  - 5,	0.7499,		0.0325,		0.7537,		0.254,		0.614
1017780    INFO  ECSBLog  - 6,	0.7499,		0.0231,		0.7537,		0.254,		0.614
1023210    INFO  ECSBLog  - 7,	0.7519,		0.0269,		0.7537,		0.25,		0.6177
1027547    INFO  ECSBLog  - 8,	0.7519,		0.0304,		0.7537,		0.25,		0.6177
1033401    INFO  ECSBLog  - 9,	0.7519,		0.0239,		0.7537,		0.25,		0.6177
1038818    INFO  ECSBLog  - 10,	0.7519,		0.0258,		0.7537,		0.25,		0.6177
1044073    INFO  ECSBLog  - 11,	0.7519,		0.0271,		0.7537,		0.25,		0.6177
1049491    INFO  ECSBLog  - 12,	0.7519,		0.0182,		0.7537,		0.25,		0.6177
1056322    INFO  ECSBLog  - 13,	0.7519,		0.0266,		0.7537,		0.25,		0.6177
1061353    INFO  ECSBLog  - 14,	0.7519,		0.0251,		0.7537,		0.25,		0.6177
1066792    INFO  ECSBLog  - 15,	0.7519,		0.0333,		0.7537,		0.25,		0.6177
1073404    INFO  ECSBLog  - 16,	0.7519,		0.0298,		0.7537,		0.25,		0.6177
1081320    INFO  ECSBLog  - 17,	0.7519,		0.0257,		0.7537,		0.25,		0.6177
1088446    INFO  ECSBLog  - 18,	0.7519,		0.021,		0.7537,		0.25,		0.6177
1095824    INFO  ECSBLog  - 19,	0.7519,		0.0228,		0.7537,		0.25,		0.6177
1102866    INFO  ECSBLog  - 20,	0.7519,		0.021,		0.7537,		0.25,		0.6177
1108232    INFO  ECSBLog  - 21,	0.7519,		0.0178,		0.7537,		0.25,		0.6177
1114448    INFO  ECSBLog  - 22,	0.7519,		0.0252,		0.7537,		0.25,		0.6177
1121116    INFO  ECSBLog  - 23,	0.7519,		0.0252,		0.7537,		0.25,		0.6177
1126614    INFO  ECSBLog  - 24,	0.7519,		0.0301,		0.7537,		0.25,		0.6177
1133618    INFO  ECSBLog  - 25,	0.7519,		0.0245,		0.7537,		0.25,		0.6177
1140803    INFO  ECSBLog  - 26,	0.7519,		0.0232,		0.7537,		0.25,		0.6177
1148735    INFO  ECSBLog  - 27,	0.7519,		0.0217,		0.7537,		0.25,		0.6177
1153943    INFO  ECSBLog  - 28,	0.7519,		0.0246,		0.7537,		0.25,		0.6177
1161666    INFO  ECSBLog  - 29,	0.7519,		0.0229,		0.7537,		0.25,		0.6177
1167043    INFO  ECSBLog  - 30,	0.7519,		0.0201,		0.7537,		0.25,		0.6177
1173413    INFO  ECSBLog  - 31,	0.7519,		0.0259,		0.7537,		0.25,		0.6177
1182818    INFO  ECSBLog  - 32,	0.7519,		0.0149,		0.7537,		0.25,		0.6177
1188774    INFO  ECSBLog  - 33,	0.7519,		0.0271,		0.7537,		0.25,		0.6177
1193948    INFO  ECSBLog  - 34,	0.7519,		0.0243,		0.7537,		0.25,		0.6177
1200670    INFO  ECSBLog  - 35,	0.7519,		0.0343,		0.7537,		0.25,		0.6177
1207935    INFO  ECSBLog  - 36,	0.7519,		0.0204,		0.7537,		0.25,		0.6177
1214028    INFO  ECSBLog  - 37,	0.7519,		0.0241,		0.7537,		0.25,		0.6177
1220237    INFO  ECSBLog  - 38,	0.7519,		0.0328,		0.7537,		0.25,		0.6177
1226553    INFO  ECSBLog  - 39,	0.7519,		0.0203,		0.7537,		0.25,		0.6177
1231784    INFO  ECSBLog  - 40,	0.7519,		0.0256,		0.7537,		0.25,		0.6177
1238727    INFO  ECSBLog  - 41,	0.7519,		0.0243,		0.7537,		0.25,		0.6177
1246405    INFO  ECSBLog  - 42,	0.7519,		0.0248,		0.7537,		0.25,		0.6177
1253274    INFO  ECSBLog  - 43,	0.7519,		0.0217,		0.7537,		0.25,		0.6177
1260206    INFO  ECSBLog  - 44,	0.7519,		0.0215,		0.7537,		0.25,		0.6177
1268710    INFO  ECSBLog  - 45,	0.7519,		0.0204,		0.7537,		0.25,		0.6177
1276641    INFO  ECSBLog  - 46,	0.7519,		0.0252,		0.7537,		0.25,		0.6177
1283178    INFO  ECSBLog  - 47,	0.7519,		0.0303,		0.7537,		0.25,		0.6177
1288263    INFO  ECSBLog  - 48,	0.7519,		0.0255,		0.7537,		0.25,		0.6177
1295533    INFO  ECSBLog  - 49,	0.7519,		0.0308,		0.7537,		0.25,		0.6177
1301431    INFO  ECSBLog  - 50,	0.7519,		0.0273,		0.7537,		0.25,		0.6177
1307847    INFO  ECSBLog  - 51,	0.7525,		0.0214,		0.7612,		0.256,		0.6145
1313389    INFO  ECSBLog  - 52,	0.7525,		0.0283,		0.7612,		0.256,		0.6145
1319214    INFO  ECSBLog  - 53,	0.7525,		0.0261,		0.7612,		0.256,		0.6145
1325584    INFO  ECSBLog  - 54,	0.7525,		0.0291,		0.7612,		0.256,		0.6145
1331664    INFO  ECSBLog  - 55,	0.7525,		0.0261,		0.7612,		0.256,		0.6145
1338527    INFO  ECSBLog  - 56,	0.7525,		0.0318,		0.7612,		0.256,		0.6145
1345438    INFO  ECSBLog  - 57,	0.7525,		0.017,		0.7612,		0.256,		0.6145
1351760    INFO  ECSBLog  - 58,	0.7525,		0.0299,		0.7612,		0.256,		0.6145
1357863    INFO  ECSBLog  - 59,	0.7525,		0.0296,		0.7612,		0.256,		0.6145
1364244    INFO  ECSBLog  - 60,	0.7525,		0.0204,		0.7612,		0.256,		0.6145
1369372    INFO  ECSBLog  - 61,	0.7525,		0.0284,		0.7612,		0.256,		0.6145
1374989    INFO  ECSBLog  - 62,	0.7525,		0.0296,		0.7612,		0.256,		0.6145
1380841    INFO  ECSBLog  - 63,	0.7525,		0.0218,		0.7612,		0.256,		0.6145
1387755    INFO  ECSBLog  - 64,	0.7525,		0.0237,		0.7612,		0.256,		0.6145
1394287    INFO  ECSBLog  - 65,	0.7525,		0.0171,		0.7612,		0.256,		0.6145
1399361    INFO  ECSBLog  - 66,	0.7525,		0.0263,		0.7612,		0.256,		0.6145
1405406    INFO  ECSBLog  - 67,	0.7525,		0.0192,		0.7612,		0.256,		0.6145
1410794    INFO  ECSBLog  - 68,	0.7525,		0.0296,		0.7612,		0.256,		0.6145
1416632    INFO  ECSBLog  - 69,	0.7525,		0.027,		0.7612,		0.256,		0.6145
1421347    INFO  ECSBLog  - 70,	0.7525,		0.0206,		0.7612,		0.256,		0.6145
1427207    INFO  ECSBLog  - 71,	0.7525,		0.0267,		0.7612,		0.256,		0.6145
1433168    INFO  ECSBLog  - 72,	0.7525,		0.0273,		0.7612,		0.256,		0.6145
1439504    INFO  ECSBLog  - 73,	0.7525,		0.0249,		0.7612,		0.256,		0.6145
1445092    INFO  ECSBLog  - 74,	0.7525,		0.0299,		0.7612,		0.256,		0.6145
1451052    INFO  ECSBLog  - 75,	0.7525,		0.0211,		0.7612,		0.256,		0.6145
1457041    INFO  ECSBLog  - 76,	0.7525,		0.0302,		0.7612,		0.256,		0.6145
1461846    INFO  ECSBLog  - 77,	0.7525,		0.0298,		0.7612,		0.256,		0.6145
1467730    INFO  ECSBLog  - 78,	0.7525,		0.021,		0.7612,		0.256,		0.6145
1472353    INFO  ECSBLog  - 79,	0.7525,		0.0296,		0.7612,		0.256,		0.6145
1476341    INFO  ECSBLog  - 80,	0.7525,		0.0279,		0.7612,		0.256,		0.6145
1482540    INFO  ECSBLog  - 81,	0.7525,		0.0177,		0.7612,		0.256,		0.6145
1488305    INFO  ECSBLog  - 82,	0.7525,		0.0289,		0.7612,		0.256,		0.6145
1493017    INFO  ECSBLog  - 83,	0.7525,		0.0312,		0.7612,		0.256,		0.6145
1499997    INFO  ECSBLog  - 84,	0.7525,		0.0229,		0.7612,		0.256,		0.6145
1506155    INFO  ECSBLog  - 85,	0.7525,		0.0249,		0.7612,		0.256,		0.6145
1511862    INFO  ECSBLog  - 86,	0.7525,		0.0213,		0.7612,		0.256,		0.6145
1520009    INFO  ECSBLog  - 87,	0.7525,		0.0245,		0.7612,		0.256,		0.6145
1526456    INFO  ECSBLog  - 88,	0.7525,		0.0212,		0.7612,		0.256,		0.6145
1532128    INFO  ECSBLog  - 89,	0.7525,		0.035,		0.7612,		0.256,		0.6145
1540112    INFO  ECSBLog  - 90,	0.7525,		0.0255,		0.7612,		0.256,		0.6145
1546246    INFO  ECSBLog  - 91,	0.7525,		0.028,		0.7612,		0.256,		0.6145
1553101    INFO  ECSBLog  - 92,	0.7525,		0.0174,		0.7612,		0.256,		0.6145
1559371    INFO  ECSBLog  - 93,	0.7525,		0.0257,		0.7612,		0.256,		0.6145
1565079    INFO  ECSBLog  - 94,	0.7525,		0.0278,		0.7612,		0.256,		0.6145
1572834    INFO  ECSBLog  - 95,	0.7525,		0.0181,		0.7612,		0.256,		0.6145
1579721    INFO  ECSBLog  - 96,	0.7525,		0.0268,		0.7612,		0.256,		0.6145
1586917    INFO  ECSBLog  - 97,	0.7525,		0.022,		0.7612,		0.256,		0.6145
1592683    INFO  ECSBLog  - 98,	0.7525,		0.0229,		0.7612,		0.256,		0.6145
1599371    INFO  ECSBLog  - 99,	0.7525,		0.0197,		0.7612,		0.256,		0.6145
1599371    INFO  ECSBLog  - best individual: #c1: 51.43	#c2:113.58	#p1:104.09	#p2:66.95
1599528    INFO  ECSBLog  - evaluation: 
Correctly Classified Instances         576               75      %
Incorrectly Classified Instances       192               25      %
Kappa statistic                          0.4787
Total Cost                           13852.4541
Average Cost                            18.037 
Mean absolute error                      0.3294
Root mean squared error                  0.4254
Relative absolute error                 72.467  %
Root relative squared error             89.2489 %
Total Number of Instances              768     

=== Detailed Accuracy By Class ===

               TP Rate   FP Rate   Precision   Recall  F-Measure   ROC Area  Class
                 0.744     0.239      0.853     0.744     0.795      0.818    0
                 0.761     0.256      0.614     0.761     0.68       0.818    1
Weighted Avg.    0.75      0.245      0.77      0.75      0.755      0.818
0          INFO  ECSBLog  - {elite_count=2, mutation_rate=0.5, selection_strategy=RouletteWheelSelection, dataset_path=/home/cloudera/decsb/in/03_pima.arff, fitness_metric=LinTPPrecisionMetric, crossover_points=5, selection_param=0.2, num_folds=4, population_count=40, beta=0.5, number_of_generations=100, use_reweight=false, cost_classifier=weka.classifiers.meta.CostSensitiveClassifier, base_classifier=weka.classifiers.meta.AdaBoostM1}
2          INFO  ECSBLog  - 	Fitness		SD			TP			FP			Precision
3608       INFO  ECSBLog  - 0,	0.6956,		0.274,		0.9851,		0.772,		0.4062
7098       INFO  ECSBLog  - 1,	0.706,		0.1226,		0.9925,		0.736,		0.4196
11559      INFO  ECSBLog  - 2,	0.7073,		0.0666,		0.9627,		0.626,		0.4518
15542      INFO  ECSBLog  - 3,	0.7073,		0.0685,		0.9627,		0.626,		0.4518
18781      INFO  ECSBLog  - 4,	0.7098,		0.1305,		0.9813,		0.674,		0.4383
22493      INFO  ECSBLog  - 5,	0.7098,		0.0492,		0.9813,		0.674,		0.4383
25497      INFO  ECSBLog  - 6,	0.7098,		0.029,		0.9813,		0.674,		0.4383
28748      INFO  ECSBLog  - 7,	0.7098,		0.0291,		0.9813,		0.674,		0.4383
32218      INFO  ECSBLog  - 8,	0.7098,		0.0279,		0.9813,		0.674,		0.4383
35492      INFO  ECSBLog  - 9,	0.7098,		0.0238,		0.9813,		0.674,		0.4383
38485      INFO  ECSBLog  - 10,	0.7098,		0.0238,		0.9813,		0.674,		0.4383
41974      INFO  ECSBLog  - 11,	0.7098,		0.0241,		0.9813,		0.674,		0.4383
46414      INFO  ECSBLog  - 12,	0.7098,		0.0186,		0.9813,		0.674,		0.4383
49829      INFO  ECSBLog  - 13,	0.7098,		0.0256,		0.9813,		0.674,		0.4383
53763      INFO  ECSBLog  - 14,	0.7098,		0.0235,		0.9813,		0.674,		0.4383
57716      INFO  ECSBLog  - 15,	0.7098,		0.021,		0.9813,		0.674,		0.4383
63653      INFO  ECSBLog  - 16,	0.7098,		0.0202,		0.9813,		0.674,		0.4383
71191      INFO  ECSBLog  - 17,	0.7098,		0.0249,		0.9813,		0.674,		0.4383
76712      INFO  ECSBLog  - 18,	0.7098,		0.0234,		0.9813,		0.674,		0.4383
82789      INFO  ECSBLog  - 19,	0.7117,		0.0295,		0.9813,		0.664,		0.442
88522      INFO  ECSBLog  - 20,	0.7117,		0.0181,		0.9813,		0.664,		0.442
94720      INFO  ECSBLog  - 21,	0.7117,		0.0229,		0.9813,		0.664,		0.442
100956     INFO  ECSBLog  - 22,	0.7117,		0.0217,		0.9813,		0.664,		0.442
106684     INFO  ECSBLog  - 23,	0.7117,		0.0174,		0.9813,		0.664,		0.442
112948     INFO  ECSBLog  - 24,	0.7117,		0.0212,		0.9813,		0.664,		0.442
119282     INFO  ECSBLog  - 25,	0.7117,		0.0221,		0.9813,		0.664,		0.442
125773     INFO  ECSBLog  - 26,	0.7117,		0.0233,		0.9813,		0.664,		0.442
131105     INFO  ECSBLog  - 27,	0.7117,		0.0236,		0.9813,		0.664,		0.442
138122     INFO  ECSBLog  - 28,	0.7117,		0.0198,		0.9813,		0.664,		0.442
145509     INFO  ECSBLog  - 29,	0.7117,		0.0209,		0.9813,		0.664,		0.442
151087     INFO  ECSBLog  - 30,	0.7117,		0.019,		0.9813,		0.664,		0.442
157364     INFO  ECSBLog  - 31,	0.7117,		0.0213,		0.9813,		0.664,		0.442
163268     INFO  ECSBLog  - 32,	0.7117,		0.0168,		0.9813,		0.664,		0.442
169211     INFO  ECSBLog  - 33,	0.7117,		0.0158,		0.9813,		0.664,		0.442
175454     INFO  ECSBLog  - 34,	0.7117,		0.0104,		0.9813,		0.664,		0.442
180794     INFO  ECSBLog  - 35,	0.7117,		0.0111,		0.9813,		0.664,		0.442
187068     INFO  ECSBLog  - 36,	0.7117,		0.0105,		0.9813,		0.664,		0.442
193127     INFO  ECSBLog  - 37,	0.7117,		0.0096,		0.9813,		0.664,		0.442
199827     INFO  ECSBLog  - 38,	0.7117,		0.0114,		0.9813,		0.664,		0.442
205658     INFO  ECSBLog  - 39,	0.7117,		0.0108,		0.9813,		0.664,		0.442
213327     INFO  ECSBLog  - 40,	0.7117,		0.0097,		0.9813,		0.664,		0.442
219862     INFO  ECSBLog  - 41,	0.7117,		0.0111,		0.9813,		0.664,		0.442
225439     INFO  ECSBLog  - 42,	0.7117,		0.0118,		0.9813,		0.664,		0.442
231241     INFO  ECSBLog  - 43,	0.7117,		0.0115,		0.9813,		0.664,		0.442
237455     INFO  ECSBLog  - 44,	0.7117,		0.0107,		0.9813,		0.664,		0.442
243963     INFO  ECSBLog  - 45,	0.7117,		0.0103,		0.9813,		0.664,		0.442
250443     INFO  ECSBLog  - 46,	0.7117,		0.0092,		0.9813,		0.664,		0.442
255305     INFO  ECSBLog  - 47,	0.7117,		0.0118,		0.9813,		0.664,		0.442
261157     INFO  ECSBLog  - 48,	0.7117,		0.0112,		0.9813,		0.664,		0.442
266799     INFO  ECSBLog  - 49,	0.7117,		0.0117,		0.9813,		0.664,		0.442
272067     INFO  ECSBLog  - 50,	0.7117,		0.0116,		0.9813,		0.664,		0.442
280077     INFO  ECSBLog  - 51,	0.7117,		0.0106,		0.9813,		0.664,		0.442
285761     INFO  ECSBLog  - 52,	0.7117,		0.01,		0.9813,		0.664,		0.442
292265     INFO  ECSBLog  - 53,	0.7117,		0.0119,		0.9813,		0.664,		0.442
298861     INFO  ECSBLog  - 54,	0.7117,		0.0108,		0.9813,		0.664,		0.442
303939     INFO  ECSBLog  - 55,	0.7117,		0.0123,		0.9813,		0.664,		0.442
309354     INFO  ECSBLog  - 56,	0.7117,		0.0114,		0.9813,		0.664,		0.442
314972     INFO  ECSBLog  - 57,	0.7117,		0.0097,		0.9813,		0.664,		0.442
319877     INFO  ECSBLog  - 58,	0.7117,		0.0104,		0.9813,		0.664,		0.442
325058     INFO  ECSBLog  - 59,	0.7117,		0.0112,		0.9813,		0.664,		0.442
329628     INFO  ECSBLog  - 60,	0.7117,		0.0116,		0.9813,		0.664,		0.442
335691     INFO  ECSBLog  - 61,	0.7117,		0.0109,		0.9813,		0.664,		0.442
341910     INFO  ECSBLog  - 62,	0.7117,		0.0103,		0.9813,		0.664,		0.442
347831     INFO  ECSBLog  - 63,	0.7117,		0.0106,		0.9813,		0.664,		0.442
353119     INFO  ECSBLog  - 64,	0.7117,		0.0113,		0.9813,		0.664,		0.442
358725     INFO  ECSBLog  - 65,	0.7117,		0.0102,		0.9813,		0.664,		0.442
364611     INFO  ECSBLog  - 66,	0.7117,		0.0108,		0.9813,		0.664,		0.442
370090     INFO  ECSBLog  - 67,	0.7117,		0.0111,		0.9813,		0.664,		0.442
375797     INFO  ECSBLog  - 68,	0.7117,		0.0095,		0.9813,		0.664,		0.442
381410     INFO  ECSBLog  - 69,	0.7117,		0.0107,		0.9813,		0.664,		0.442
387673     INFO  ECSBLog  - 70,	0.7117,		0.0106,		0.9813,		0.664,		0.442
394063     INFO  ECSBLog  - 71,	0.7117,		0.0109,		0.9813,		0.664,		0.442
400219     INFO  ECSBLog  - 72,	0.7117,		0.01,		0.9813,		0.664,		0.442
406565     INFO  ECSBLog  - 73,	0.7117,		0.0098,		0.9813,		0.664,		0.442
412712     INFO  ECSBLog  - 74,	0.7117,		0.0112,		0.9813,		0.664,		0.442
418631     INFO  ECSBLog  - 75,	0.7117,		0.0112,		0.9813,		0.664,		0.442
424818     INFO  ECSBLog  - 76,	0.7117,		0.0089,		0.9813,		0.664,		0.442
430910     INFO  ECSBLog  - 77,	0.7117,		0.01,		0.9813,		0.664,		0.442
435566     INFO  ECSBLog  - 78,	0.7117,		0.0125,		0.9813,		0.664,		0.442
440948     INFO  ECSBLog  - 79,	0.7117,		0.012,		0.9813,		0.664,		0.442
448734     INFO  ECSBLog  - 80,	0.7117,		0.0111,		0.9813,		0.664,		0.442
453931     INFO  ECSBLog  - 81,	0.7117,		0.0111,		0.9813,		0.664,		0.442
459800     INFO  ECSBLog  - 82,	0.7117,		0.0118,		0.9813,		0.664,		0.442
465791     INFO  ECSBLog  - 83,	0.7117,		0.0104,		0.9813,		0.664,		0.442
471389     INFO  ECSBLog  - 84,	0.7117,		0.0113,		0.9813,		0.664,		0.442
478186     INFO  ECSBLog  - 85,	0.7117,		0.0107,		0.9813,		0.664,		0.442
484191     INFO  ECSBLog  - 86,	0.7117,		0.0101,		0.9813,		0.664,		0.442
489708     INFO  ECSBLog  - 87,	0.7117,		0.0109,		0.9813,		0.664,		0.442
495482     INFO  ECSBLog  - 88,	0.7117,		0.0111,		0.9813,		0.664,		0.442
502381     INFO  ECSBLog  - 89,	0.7117,		0.0091,		0.9813,		0.664,		0.442
508981     INFO  ECSBLog  - 90,	0.7117,		0.0113,		0.9813,		0.664,		0.442
515215     INFO  ECSBLog  - 91,	0.7117,		0.0102,		0.9813,		0.664,		0.442
521096     INFO  ECSBLog  - 92,	0.7117,		0.01,		0.9813,		0.664,		0.442
527212     INFO  ECSBLog  - 93,	0.7117,		0.0109,		0.9813,		0.664,		0.442
533214     INFO  ECSBLog  - 94,	0.7117,		0.0115,		0.9813,		0.664,		0.442
539818     INFO  ECSBLog  - 95,	0.7117,		0.0089,		0.9813,		0.664,		0.442
546043     INFO  ECSBLog  - 96,	0.7117,		0.0099,		0.9813,		0.664,		0.442
552371     INFO  ECSBLog  - 97,	0.7117,		0.0101,		0.9813,		0.664,		0.442
559052     INFO  ECSBLog  - 98,	0.7117,		0.0087,		0.9813,		0.664,		0.442
564672     INFO  ECSBLog  - 99,	0.7117,		0.0109,		0.9813,		0.664,		0.442
564674     INFO  ECSBLog  - best individual: #c1: 7.82	#c2:94	#p1:123.69	#p2:82.85
564873     INFO  ECSBLog  - evaluation: 
Correctly Classified Instances         431               56.1198 %
Incorrectly Classified Instances       337               43.8802 %
Kappa statistic                          0.2473
Total Cost                            3064.8272
Average Cost                             3.9907
Mean absolute error                      0.4418
Root mean squared error                  0.5585
Relative absolute error                 97.197  %
Root relative squared error            117.1667 %
Total Number of Instances              768     

=== Detailed Accuracy By Class ===

               TP Rate   FP Rate   Precision   Recall  F-Measure   ROC Area  Class
                 0.336     0.019      0.971     0.336     0.499      0.818    0
                 0.981     0.664      0.442     0.981     0.61       0.818    1
Weighted Avg.    0.561     0.244      0.786     0.561     0.538      0.818

564889     INFO  ECSBLog  - {elite_count=2, mutation_rate=0.5, selection_strategy=RouletteWheelSelection, dataset_path=/home/cloudera/decsb/in/03_pima.arff, fitness_metric=LinTPTNMetric, crossover_points=5, selection_param=0.2, num_folds=4, population_count=40, beta=0.5, number_of_generations=100, use_reweight=false, cost_classifier=weka.classifiers.meta.CostSensitiveClassifier, base_classifier=weka.classifiers.meta.AdaBoostM1}
564892     INFO  ECSBLog  - 	Fitness		SD			TP			FP			Precision
567098     INFO  ECSBLog  - 0,	0.7424,		0.0949,		0.8209,		0.336,		0.567
569628     INFO  ECSBLog  - 1,	0.7424,		0.101,		0.8209,		0.336,		0.567
572185     INFO  ECSBLog  - 2,	0.7424,		0.091,		0.8209,		0.336,		0.567
575982     INFO  ECSBLog  - 3,	0.7424,		0.068,		0.8209,		0.336,		0.567
579021     INFO  ECSBLog  - 4,	0.7479,		0.0588,		0.7537,		0.258,		0.6103
581759     INFO  ECSBLog  - 5,	0.7479,		0.066,		0.7537,		0.258,		0.6103
585118     INFO  ECSBLog  - 6,	0.7479,		0.0179,		0.7537,		0.258,		0.6103
588565     INFO  ECSBLog  - 7,	0.7479,		0.0222,		0.7537,		0.258,		0.6103
591645     INFO  ECSBLog  - 8,	0.7479,		0.0195,		0.7537,		0.258,		0.6103
594308     INFO  ECSBLog  - 9,	0.7479,		0.0202,		0.7537,		0.258,		0.6103
597574     INFO  ECSBLog  - 10,	0.7479,		0.0474,		0.7537,		0.258,		0.6103
600572     INFO  ECSBLog  - 11,	0.7479,		0.0598,		0.7537,		0.258,		0.6103
603986     INFO  ECSBLog  - 12,	0.7479,		0.0496,		0.7537,		0.258,		0.6103
607058     INFO  ECSBLog  - 13,	0.7479,		0.0601,		0.7537,		0.258,		0.6103
611323     INFO  ECSBLog  - 14,	0.7483,		0.0398,		0.8246,		0.328,		0.574
615593     INFO  ECSBLog  - 15,	0.7483,		0.0411,		0.8246,		0.328,		0.574
619465     INFO  ECSBLog  - 16,	0.7483,		0.0206,		0.8246,		0.328,		0.574
623381     INFO  ECSBLog  - 17,	0.7483,		0.0232,		0.8246,		0.328,		0.574
626898     INFO  ECSBLog  - 18,	0.7483,		0.0146,		0.8246,		0.328,		0.574
630812     INFO  ECSBLog  - 19,	0.7483,		0.0203,		0.8246,		0.328,		0.574
634339     INFO  ECSBLog  - 20,	0.7483,		0.0151,		0.8246,		0.328,		0.574
637378     INFO  ECSBLog  - 21,	0.7483,		0.0194,		0.8246,		0.328,		0.574
643213     INFO  ECSBLog  - 22,	0.7483,		0.0202,		0.8246,		0.328,		0.574
648685     INFO  ECSBLog  - 23,	0.7483,		0.0182,		0.8246,		0.328,		0.574
652704     INFO  ECSBLog  - 24,	0.7483,		0.0197,		0.8246,		0.328,		0.574
656011     INFO  ECSBLog  - 25,	0.7483,		0.0164,		0.8246,		0.328,		0.574
662219     INFO  ECSBLog  - 26,	0.7483,		0.0161,		0.8246,		0.328,		0.574
665622     INFO  ECSBLog  - 27,	0.7483,		0.0193,		0.8246,		0.328,		0.574
668949     INFO  ECSBLog  - 28,	0.7483,		0.0229,		0.8246,		0.328,		0.574
675962     INFO  ECSBLog  - 29,	0.7484,		0.0238,		0.7388,		0.242,		0.6207
679460     INFO  ECSBLog  - 30,	0.7484,		0.0132,		0.7388,		0.242,		0.6207
683640     INFO  ECSBLog  - 31,	0.7484,		0.0165,		0.7388,		0.242,		0.6207
689563     INFO  ECSBLog  - 32,	0.7484,		0.0173,		0.7388,		0.242,		0.6207
693098     INFO  ECSBLog  - 33,	0.7484,		0.0141,		0.7388,		0.242,		0.6207
698535     INFO  ECSBLog  - 34,	0.7484,		0.0182,		0.7388,		0.242,		0.6207
705093     INFO  ECSBLog  - 35,	0.7484,		0.0157,		0.7388,		0.242,		0.6207
709197     INFO  ECSBLog  - 36,	0.7484,		0.0224,		0.7388,		0.242,		0.6207
713392     INFO  ECSBLog  - 37,	0.7484,		0.0256,		0.7388,		0.242,		0.6207
717197     INFO  ECSBLog  - 38,	0.7484,		0.0197,		0.7388,		0.242,		0.6207
721507     INFO  ECSBLog  - 39,	0.7496,		0.0131,		0.7612,		0.262,		0.609
725072     INFO  ECSBLog  - 40,	0.7496,		0.0165,		0.7612,		0.262,		0.609
729358     INFO  ECSBLog  - 41,	0.7496,		0.0179,		0.7612,		0.262,		0.609
733007     INFO  ECSBLog  - 42,	0.7496,		0.0199,		0.7612,		0.262,		0.609
737184     INFO  ECSBLog  - 43,	0.7496,		0.0184,		0.7612,		0.262,		0.609
741669     INFO  ECSBLog  - 44,	0.7496,		0.0177,		0.7612,		0.262,		0.609
747110     INFO  ECSBLog  - 45,	0.7496,		0.0235,		0.7612,		0.262,		0.609
753839     INFO  ECSBLog  - 46,	0.7496,		0.0185,		0.7612,		0.262,		0.609
758025     INFO  ECSBLog  - 47,	0.7496,		0.0182,		0.7612,		0.262,		0.609
762750     INFO  ECSBLog  - 48,	0.7496,		0.0201,		0.7612,		0.262,		0.609
766695     INFO  ECSBLog  - 49,	0.7496,		0.0172,		0.7612,		0.262,		0.609
770940     INFO  ECSBLog  - 50,	0.7496,		0.02,		0.7612,		0.262,		0.609
774793     INFO  ECSBLog  - 51,	0.7496,		0.0192,		0.7612,		0.262,		0.609
777914     INFO  ECSBLog  - 52,	0.7496,		0.0201,		0.7612,		0.262,		0.609
782524     INFO  ECSBLog  - 53,	0.7496,		0.0185,		0.7612,		0.262,		0.609
786243     INFO  ECSBLog  - 54,	0.7496,		0.0198,		0.7612,		0.262,		0.609
790758     INFO  ECSBLog  - 55,	0.7496,		0.0201,		0.7612,		0.262,		0.609
794993     INFO  ECSBLog  - 56,	0.7496,		0.0204,		0.7612,		0.262,		0.609
799083     INFO  ECSBLog  - 57,	0.7496,		0.0154,		0.7612,		0.262,		0.609
803544     INFO  ECSBLog  - 58,	0.7496,		0.0194,		0.7612,		0.262,		0.609
807348     INFO  ECSBLog  - 59,	0.7496,		0.0232,		0.7612,		0.262,		0.609
810807     INFO  ECSBLog  - 60,	0.7496,		0.0158,		0.7612,		0.262,		0.609
815352     INFO  ECSBLog  - 61,	0.7496,		0.0165,		0.7612,		0.262,		0.609
819310     INFO  ECSBLog  - 62,	0.7496,		0.0237,		0.7612,		0.262,		0.609
824232     INFO  ECSBLog  - 63,	0.7496,		0.0223,		0.7612,		0.262,		0.609
828591     INFO  ECSBLog  - 64,	0.7496,		0.0243,		0.7612,		0.262,		0.609
832725     INFO  ECSBLog  - 65,	0.7496,		0.018,		0.7612,		0.262,		0.609
837138     INFO  ECSBLog  - 66,	0.7496,		0.0183,		0.7612,		0.262,		0.609
840932     INFO  ECSBLog  - 67,	0.7496,		0.0262,		0.7612,		0.262,		0.609
844397     INFO  ECSBLog  - 68,	0.7496,		0.0194,		0.7612,		0.262,		0.609
847956     INFO  ECSBLog  - 69,	0.7496,		0.0241,		0.7612,		0.262,		0.609
851597     INFO  ECSBLog  - 70,	0.7496,		0.0188,		0.7612,		0.262,		0.609
855870     INFO  ECSBLog  - 71,	0.7496,		0.0186,		0.7612,		0.262,		0.609
859770     INFO  ECSBLog  - 72,	0.7496,		0.0173,		0.7612,		0.262,		0.609
864475     INFO  ECSBLog  - 73,	0.7496,		0.0226,		0.7612,		0.262,		0.609
868695     INFO  ECSBLog  - 74,	0.7496,		0.0235,		0.7612,		0.262,		0.609
872552     INFO  ECSBLog  - 75,	0.7496,		0.017,		0.7612,		0.262,		0.609
875871     INFO  ECSBLog  - 76,	0.7496,		0.0187,		0.7612,		0.262,		0.609
879722     INFO  ECSBLog  - 77,	0.7496,		0.0181,		0.7612,		0.262,		0.609
883329     INFO  ECSBLog  - 78,	0.7496,		0.0184,		0.7612,		0.262,		0.609
886917     INFO  ECSBLog  - 79,	0.7496,		0.0158,		0.7612,		0.262,		0.609
890125     INFO  ECSBLog  - 80,	0.7496,		0.0176,		0.7612,		0.262,		0.609
893554     INFO  ECSBLog  - 81,	0.7496,		0.0217,		0.7612,		0.262,		0.609
896951     INFO  ECSBLog  - 82,	0.7496,		0.0196,		0.7612,		0.262,		0.609
901093     INFO  ECSBLog  - 83,	0.7496,		0.0183,		0.7612,		0.262,		0.609
905111     INFO  ECSBLog  - 84,	0.7496,		0.0231,		0.7612,		0.262,		0.609
908391     INFO  ECSBLog  - 85,	0.7496,		0.0181,		0.7612,		0.262,		0.609
915331     INFO  ECSBLog  - 86,	0.7496,		0.0183,		0.7612,		0.262,		0.609
922771     INFO  ECSBLog  - 87,	0.7496,		0.0148,		0.7612,		0.262,		0.609
926573     INFO  ECSBLog  - 88,	0.7496,		0.0248,		0.7612,		0.262,		0.609
930123     INFO  ECSBLog  - 89,	0.7496,		0.0187,		0.7612,		0.262,		0.609
933666     INFO  ECSBLog  - 90,	0.7496,		0.0185,		0.7612,		0.262,		0.609
937986     INFO  ECSBLog  - 91,	0.7496,		0.0207,		0.7612,		0.262,		0.609
941773     INFO  ECSBLog  - 92,	0.7496,		0.0164,		0.7612,		0.262,		0.609
945694     INFO  ECSBLog  - 93,	0.7496,		0.0181,		0.7612,		0.262,		0.609
948868     INFO  ECSBLog  - 94,	0.7496,		0.0168,		0.7612,		0.262,		0.609
951978     INFO  ECSBLog  - 95,	0.7496,		0.0228,		0.7612,		0.262,		0.609
955574     INFO  ECSBLog  - 96,	0.7496,		0.0172,		0.7612,		0.262,		0.609
959049     INFO  ECSBLog  - 97,	0.7496,		0.0184,		0.7612,		0.262,		0.609
962987     INFO  ECSBLog  - 98,	0.7496,		0.0161,		0.7612,		0.262,		0.609
966515     INFO  ECSBLog  - 99,	0.7496,		0.0178,		0.7612,		0.262,		0.609
966515     INFO  ECSBLog  - best individual: #c1: 41.22	#c2:86.82	#p1:98.59	#p2:57.63
966656     INFO  ECSBLog  - evaluation: 
Correctly Classified Instances         573               74.6094 %
Incorrectly Classified Instances       195               25.3906 %
Kappa statistic                          0.4718
Total Cost                           10955.4398
Average Cost                            14.2649
Mean absolute error                      0.3263
Root mean squared error                  0.419 
Relative absolute error                 71.7868 %
Root relative squared error             87.9054 %
Total Number of Instances              768     

=== Detailed Accuracy By Class ===

               TP Rate   FP Rate   Precision   Recall  F-Measure   ROC Area  Class
                 0.738     0.239      0.852     0.738     0.791      0.818    0
                 0.761     0.262      0.609     0.761     0.677      0.818    1
Weighted Avg.    0.746     0.247      0.767     0.746     0.751      0.818

